2023-04-14 12:03:39.960 [main] INFO  Application() - Starting Application on a08923a3e408 with PID 785 (/home/loveqq/fisco/webase-deploy/webase-sign/apps/WeBASE-Sign.jar started by root in /home/loveqq/fisco/webase-deploy/webase-sign)
2023-04-14 12:03:39.971 [main] INFO  Application() - No active profile set, falling back to default profiles: default
2023-04-14 12:03:40.105 [main] INFO  AnnotationConfigEmbeddedWebApplicationContext() - Refreshing org.springframework.boot.context.embedded.AnnotationConfigEmbeddedWebApplicationContext@2c88b9fc: startup date [Fri Apr 14 12:03:40 CST 2023]; root of context hierarchy
2023-04-14 12:03:40.939 [background-preinit] INFO  Version() - HV000001: Hibernate Validator 5.3.6.Final
2023-04-14 12:03:43.409 [main] INFO  TomcatEmbeddedServletContainer() - Tomcat initialized with port(s): 5004 (http)
2023-04-14 12:03:43.672 [localhost-startStop-1] INFO  ContextLoader() - Root WebApplicationContext: initialization completed in 3578 ms
2023-04-14 12:03:43.858 [localhost-startStop-1] INFO  ServletRegistrationBean() - Mapping servlet: 'dispatcherServlet' to [/]
2023-04-14 12:03:43.861 [localhost-startStop-1] INFO  FilterRegistrationBean() - Mapping filter: 'characterEncodingFilter' to: [/*]
2023-04-14 12:03:43.861 [localhost-startStop-1] INFO  FilterRegistrationBean() - Mapping filter: 'hiddenHttpMethodFilter' to: [/*]
2023-04-14 12:03:43.861 [localhost-startStop-1] INFO  FilterRegistrationBean() - Mapping filter: 'httpPutFormContentFilter' to: [/*]
2023-04-14 12:03:43.861 [localhost-startStop-1] INFO  FilterRegistrationBean() - Mapping filter: 'requestContextFilter' to: [/*]
2023-04-14 12:03:47.281 [main] INFO  RequestMappingHandlerMapping() - Mapped "{[/version],methods=[GET]}" onto public java.lang.String com.webank.webase.sign.api.controller.VersionController.getServerVersion()
2023-04-14 12:03:47.284 [main] INFO  RequestMappingHandlerMapping() - Mapped "{[/sign],methods=[POST]}" onto public com.webank.webase.sign.pojo.vo.BaseRspVo com.webank.webase.sign.api.controller.SignController.signStandard(com.webank.webase.sign.pojo.vo.ReqEncodeInfoVo,org.springframework.validation.BindingResult) throws com.webank.webase.sign.exception.BaseException
2023-04-14 12:03:47.290 [main] INFO  RequestMappingHandlerMapping() - Mapped "{[/user/{signUserId}/userInfo],methods=[GET]}" onto public com.webank.webase.sign.pojo.vo.BaseRspVo com.webank.webase.sign.api.controller.UserController.getUserInfo(java.lang.String,boolean) throws com.webank.webase.sign.exception.BaseException
2023-04-14 12:03:47.290 [main] INFO  RequestMappingHandlerMapping() - Mapped "{[/user/newUser],methods=[GET]}" onto public com.webank.webase.sign.pojo.vo.BaseRspVo com.webank.webase.sign.api.controller.UserController.newUser(java.lang.String,java.lang.String,java.lang.Integer,boolean) throws com.webank.webase.sign.exception.BaseException
2023-04-14 12:03:47.291 [main] INFO  RequestMappingHandlerMapping() - Mapped "{[/user/all],methods=[DELETE]}" onto public com.webank.webase.sign.pojo.vo.BaseRspVo com.webank.webase.sign.api.controller.UserController.deleteAllUserCache()
2023-04-14 12:03:47.291 [main] INFO  RequestMappingHandlerMapping() - Mapped "{[/user/list/{appId}/{pageNumber}/{pageSize}],methods=[GET]}" onto public com.webank.webase.sign.pojo.vo.BaseRspVo com.webank.webase.sign.api.controller.UserController.getUserListByAppId(java.lang.String,java.lang.Integer,java.lang.Integer,boolean) throws com.webank.webase.sign.exception.BaseException
2023-04-14 12:03:47.291 [main] INFO  RequestMappingHandlerMapping() - Mapped "{[/user],methods=[DELETE]}" onto public com.webank.webase.sign.pojo.vo.BaseRspVo com.webank.webase.sign.api.controller.UserController.deleteUser(com.webank.webase.sign.pojo.vo.ReqUserInfoVo) throws com.webank.webase.sign.exception.BaseException
2023-04-14 12:03:47.292 [main] INFO  RequestMappingHandlerMapping() - Mapped "{[/user/all-credential],methods=[DELETE]}" onto public com.webank.webase.sign.pojo.vo.BaseRspVo com.webank.webase.sign.api.controller.UserController.deleteCredentialCache()
2023-04-14 12:03:47.292 [main] INFO  RequestMappingHandlerMapping() - Mapped "{[/user/newUser],methods=[POST]}" onto public com.webank.webase.sign.pojo.vo.BaseRspVo com.webank.webase.sign.api.controller.UserController.newUserByImportPrivateKey(com.webank.webase.sign.pojo.vo.ReqNewUserVo,org.springframework.validation.BindingResult) throws com.webank.webase.sign.exception.BaseException
2023-04-14 12:03:47.296 [main] INFO  RequestMappingHandlerMapping() - Mapped "{[/swagger-resources/configuration/security]}" onto public org.springframework.http.ResponseEntity<springfox.documentation.swagger.web.SecurityConfiguration> springfox.documentation.swagger.web.ApiResourceController.securityConfiguration()
2023-04-14 12:03:47.298 [main] INFO  RequestMappingHandlerMapping() - Mapped "{[/swagger-resources/configuration/ui]}" onto public org.springframework.http.ResponseEntity<springfox.documentation.swagger.web.UiConfiguration> springfox.documentation.swagger.web.ApiResourceController.uiConfiguration()
2023-04-14 12:03:47.299 [main] INFO  RequestMappingHandlerMapping() - Mapped "{[/swagger-resources]}" onto public org.springframework.http.ResponseEntity<java.util.List<springfox.documentation.swagger.web.SwaggerResource>> springfox.documentation.swagger.web.ApiResourceController.swaggerResources()
2023-04-14 12:03:47.302 [main] INFO  RequestMappingHandlerMapping() - Mapped "{[/error]}" onto public org.springframework.http.ResponseEntity<java.util.Map<java.lang.String, java.lang.Object>> org.springframework.boot.autoconfigure.web.BasicErrorController.error(javax.servlet.http.HttpServletRequest)
2023-04-14 12:03:47.302 [main] INFO  RequestMappingHandlerMapping() - Mapped "{[/error],produces=[text/html]}" onto public org.springframework.web.servlet.ModelAndView org.springframework.boot.autoconfigure.web.BasicErrorController.errorHtml(javax.servlet.http.HttpServletRequest,javax.servlet.http.HttpServletResponse)
2023-04-14 12:03:47.573 [main] INFO  PropertySourcedRequestMappingHandlerMapping() - Mapped URL path [/v2/api-docs] onto method [public org.springframework.http.ResponseEntity<springfox.documentation.spring.web.json.Json> springfox.documentation.swagger2.web.Swagger2Controller.getDocumentation(java.lang.String,javax.servlet.http.HttpServletRequest)]
2023-04-14 12:03:47.826 [main] INFO  RequestMappingHandlerAdapter() - Looking for @ControllerAdvice: org.springframework.boot.context.embedded.AnnotationConfigEmbeddedWebApplicationContext@2c88b9fc: startup date [Fri Apr 14 12:03:40 CST 2023]; root of context hierarchy
2023-04-14 12:03:47.938 [main] INFO  SimpleUrlHandlerMapping() - Mapped URL path [/webjars/**] onto handler of type [class org.springframework.web.servlet.resource.ResourceHttpRequestHandler]
2023-04-14 12:03:47.939 [main] INFO  SimpleUrlHandlerMapping() - Mapped URL path [/**] onto handler of type [class org.springframework.web.servlet.resource.ResourceHttpRequestHandler]
2023-04-14 12:03:47.960 [main] INFO  ExceptionHandlerExceptionResolver() - Detected @ExceptionHandler methods in exceptionsHandler
2023-04-14 12:03:48.053 [main] INFO  SimpleUrlHandlerMapping() - Mapped URL path [/**/favicon.ico] onto handler of type [class org.springframework.web.servlet.resource.ResourceHttpRequestHandler]
2023-04-14 12:03:48.448 [main] INFO  AnnotationMBeanExporter() - Registering beans for JMX exposure on startup
2023-04-14 12:03:48.463 [main] INFO  DefaultLifecycleProcessor() - Starting beans in phase 2147483647
2023-04-14 12:03:48.463 [main] INFO  DocumentationPluginsBootstrapper() - Context refreshed
2023-04-14 12:03:48.498 [main] INFO  DocumentationPluginsBootstrapper() - Found 1 custom documentation plugin(s)
2023-04-14 12:03:48.537 [main] INFO  ApiListingReferenceScanner() - Scanning for api listing references
2023-04-14 12:03:48.768 [main] INFO  ScheduledAnnotationBeanPostProcessor() - No TaskScheduler/ScheduledExecutorService bean found for scheduled processing
2023-04-14 12:03:48.845 [main] INFO  TomcatEmbeddedServletContainer() - Tomcat started on port(s): 5004 (http)
2023-04-14 12:03:48.860 [main] INFO  Application() - Started Application in 9.522 seconds (JVM running for 10.763)
2023-04-14 12:03:48.860 [main] INFO  Application() - main run success...
2023-04-14 12:12:35.458 [main] INFO  Application() - Starting Application on a08923a3e408 with PID 1668 (/home/loveqq/fisco/webase-deploy/webase-sign/apps/WeBASE-Sign.jar started by root in /home/loveqq/fisco/webase-deploy/webase-sign)
2023-04-14 12:12:35.474 [main] INFO  Application() - No active profile set, falling back to default profiles: default
2023-04-14 12:12:35.629 [main] INFO  AnnotationConfigEmbeddedWebApplicationContext() - Refreshing org.springframework.boot.context.embedded.AnnotationConfigEmbeddedWebApplicationContext@2c88b9fc: startup date [Fri Apr 14 12:12:35 CST 2023]; root of context hierarchy
2023-04-14 12:12:36.375 [background-preinit] INFO  Version() - HV000001: Hibernate Validator 5.3.6.Final
2023-04-14 12:12:39.063 [main] INFO  TomcatEmbeddedServletContainer() - Tomcat initialized with port(s): 5004 (http)
2023-04-14 12:12:39.394 [localhost-startStop-1] INFO  ContextLoader() - Root WebApplicationContext: initialization completed in 3790 ms
2023-04-14 12:12:39.762 [localhost-startStop-1] INFO  ServletRegistrationBean() - Mapping servlet: 'dispatcherServlet' to [/]
2023-04-14 12:12:39.767 [localhost-startStop-1] INFO  FilterRegistrationBean() - Mapping filter: 'characterEncodingFilter' to: [/*]
2023-04-14 12:12:39.768 [localhost-startStop-1] INFO  FilterRegistrationBean() - Mapping filter: 'hiddenHttpMethodFilter' to: [/*]
2023-04-14 12:12:39.769 [localhost-startStop-1] INFO  FilterRegistrationBean() - Mapping filter: 'httpPutFormContentFilter' to: [/*]
2023-04-14 12:12:39.769 [localhost-startStop-1] INFO  FilterRegistrationBean() - Mapping filter: 'requestContextFilter' to: [/*]
2023-04-14 12:12:45.621 [main] INFO  RequestMappingHandlerMapping() - Mapped "{[/version],methods=[GET]}" onto public java.lang.String com.webank.webase.sign.api.controller.VersionController.getServerVersion()
2023-04-14 12:12:45.639 [main] INFO  RequestMappingHandlerMapping() - Mapped "{[/sign],methods=[POST]}" onto public com.webank.webase.sign.pojo.vo.BaseRspVo com.webank.webase.sign.api.controller.SignController.signStandard(com.webank.webase.sign.pojo.vo.ReqEncodeInfoVo,org.springframework.validation.BindingResult) throws com.webank.webase.sign.exception.BaseException
2023-04-14 12:12:45.647 [main] INFO  RequestMappingHandlerMapping() - Mapped "{[/user/{signUserId}/userInfo],methods=[GET]}" onto public com.webank.webase.sign.pojo.vo.BaseRspVo com.webank.webase.sign.api.controller.UserController.getUserInfo(java.lang.String,boolean) throws com.webank.webase.sign.exception.BaseException
2023-04-14 12:12:45.654 [main] INFO  RequestMappingHandlerMapping() - Mapped "{[/user/newUser],methods=[GET]}" onto public com.webank.webase.sign.pojo.vo.BaseRspVo com.webank.webase.sign.api.controller.UserController.newUser(java.lang.String,java.lang.String,java.lang.Integer,boolean) throws com.webank.webase.sign.exception.BaseException
2023-04-14 12:12:45.657 [main] INFO  RequestMappingHandlerMapping() - Mapped "{[/user/all],methods=[DELETE]}" onto public com.webank.webase.sign.pojo.vo.BaseRspVo com.webank.webase.sign.api.controller.UserController.deleteAllUserCache()
2023-04-14 12:12:45.659 [main] INFO  RequestMappingHandlerMapping() - Mapped "{[/user/list/{appId}/{pageNumber}/{pageSize}],methods=[GET]}" onto public com.webank.webase.sign.pojo.vo.BaseRspVo com.webank.webase.sign.api.controller.UserController.getUserListByAppId(java.lang.String,java.lang.Integer,java.lang.Integer,boolean) throws com.webank.webase.sign.exception.BaseException
2023-04-14 12:12:45.659 [main] INFO  RequestMappingHandlerMapping() - Mapped "{[/user],methods=[DELETE]}" onto public com.webank.webase.sign.pojo.vo.BaseRspVo com.webank.webase.sign.api.controller.UserController.deleteUser(com.webank.webase.sign.pojo.vo.ReqUserInfoVo) throws com.webank.webase.sign.exception.BaseException
2023-04-14 12:12:45.665 [main] INFO  RequestMappingHandlerMapping() - Mapped "{[/user/all-credential],methods=[DELETE]}" onto public com.webank.webase.sign.pojo.vo.BaseRspVo com.webank.webase.sign.api.controller.UserController.deleteCredentialCache()
2023-04-14 12:12:45.665 [main] INFO  RequestMappingHandlerMapping() - Mapped "{[/user/newUser],methods=[POST]}" onto public com.webank.webase.sign.pojo.vo.BaseRspVo com.webank.webase.sign.api.controller.UserController.newUserByImportPrivateKey(com.webank.webase.sign.pojo.vo.ReqNewUserVo,org.springframework.validation.BindingResult) throws com.webank.webase.sign.exception.BaseException
2023-04-14 12:12:45.678 [main] INFO  RequestMappingHandlerMapping() - Mapped "{[/swagger-resources/configuration/security]}" onto public org.springframework.http.ResponseEntity<springfox.documentation.swagger.web.SecurityConfiguration> springfox.documentation.swagger.web.ApiResourceController.securityConfiguration()
2023-04-14 12:12:45.680 [main] INFO  RequestMappingHandlerMapping() - Mapped "{[/swagger-resources/configuration/ui]}" onto public org.springframework.http.ResponseEntity<springfox.documentation.swagger.web.UiConfiguration> springfox.documentation.swagger.web.ApiResourceController.uiConfiguration()
2023-04-14 12:12:45.688 [main] INFO  RequestMappingHandlerMapping() - Mapped "{[/swagger-resources]}" onto public org.springframework.http.ResponseEntity<java.util.List<springfox.documentation.swagger.web.SwaggerResource>> springfox.documentation.swagger.web.ApiResourceController.swaggerResources()
2023-04-14 12:12:45.702 [main] INFO  RequestMappingHandlerMapping() - Mapped "{[/error]}" onto public org.springframework.http.ResponseEntity<java.util.Map<java.lang.String, java.lang.Object>> org.springframework.boot.autoconfigure.web.BasicErrorController.error(javax.servlet.http.HttpServletRequest)
2023-04-14 12:12:45.703 [main] INFO  RequestMappingHandlerMapping() - Mapped "{[/error],produces=[text/html]}" onto public org.springframework.web.servlet.ModelAndView org.springframework.boot.autoconfigure.web.BasicErrorController.errorHtml(javax.servlet.http.HttpServletRequest,javax.servlet.http.HttpServletResponse)
2023-04-14 12:12:46.298 [main] INFO  PropertySourcedRequestMappingHandlerMapping() - Mapped URL path [/v2/api-docs] onto method [public org.springframework.http.ResponseEntity<springfox.documentation.spring.web.json.Json> springfox.documentation.swagger2.web.Swagger2Controller.getDocumentation(java.lang.String,javax.servlet.http.HttpServletRequest)]
2023-04-14 12:12:46.981 [main] INFO  RequestMappingHandlerAdapter() - Looking for @ControllerAdvice: org.springframework.boot.context.embedded.AnnotationConfigEmbeddedWebApplicationContext@2c88b9fc: startup date [Fri Apr 14 12:12:35 CST 2023]; root of context hierarchy
2023-04-14 12:12:47.213 [main] INFO  SimpleUrlHandlerMapping() - Mapped URL path [/webjars/**] onto handler of type [class org.springframework.web.servlet.resource.ResourceHttpRequestHandler]
2023-04-14 12:12:47.213 [main] INFO  SimpleUrlHandlerMapping() - Mapped URL path [/**] onto handler of type [class org.springframework.web.servlet.resource.ResourceHttpRequestHandler]
2023-04-14 12:12:47.268 [main] INFO  ExceptionHandlerExceptionResolver() - Detected @ExceptionHandler methods in exceptionsHandler
2023-04-14 12:12:47.372 [main] INFO  SimpleUrlHandlerMapping() - Mapped URL path [/**/favicon.ico] onto handler of type [class org.springframework.web.servlet.resource.ResourceHttpRequestHandler]
2023-04-14 12:12:49.027 [main] INFO  AnnotationMBeanExporter() - Registering beans for JMX exposure on startup
2023-04-14 12:12:49.066 [main] INFO  DefaultLifecycleProcessor() - Starting beans in phase 2147483647
2023-04-14 12:12:49.071 [main] INFO  DocumentationPluginsBootstrapper() - Context refreshed
2023-04-14 12:12:49.205 [main] INFO  DocumentationPluginsBootstrapper() - Found 1 custom documentation plugin(s)
2023-04-14 12:12:49.396 [main] INFO  ApiListingReferenceScanner() - Scanning for api listing references
2023-04-14 12:12:50.272 [main] INFO  ScheduledAnnotationBeanPostProcessor() - No TaskScheduler/ScheduledExecutorService bean found for scheduled processing
2023-04-14 12:12:50.474 [main] INFO  TomcatEmbeddedServletContainer() - Tomcat started on port(s): 5004 (http)
2023-04-14 12:12:50.494 [main] INFO  Application() - Started Application in 15.648 seconds (JVM running for 16.834)
2023-04-14 12:12:50.499 [main] INFO  Application() - main run success...
2023-04-14 12:13:53.498 [http-nio-5004-exec-1] INFO  DispatcherServlet() - FrameworkServlet 'dispatcherServlet': initialization started
2023-04-14 12:13:53.601 [http-nio-5004-exec-1] INFO  DispatcherServlet() - FrameworkServlet 'dispatcherServlet': initialization completed in 102 ms
