
  .   ____          _            __ _ _
 /\\ / ___'_ __ _ _(_)_ __  __ _ \ \ \ \
( ( )\___ | '_ | '_| | '_ \/ _` | \ \ \ \
 \\/  ___)| |_)| | | | | || (_| |  ) ) ) )
  '  |____| .__|_| |_|_| |_\__, | / / / /
 =========|_|==============|___/=/_/_/_/
 :: Spring Boot ::       (v2.1.15.RELEASE)

Apr 14, 2023 12:04:19 PM org.apache.coyote.AbstractProtocol init
INFO: Initializing ProtocolHandler ["http-nio-5001"]
Apr 14, 2023 12:04:19 PM org.apache.catalina.core.StandardService startInternal
INFO: Starting service [Tomcat]
Apr 14, 2023 12:04:19 PM org.apache.catalina.core.StandardEngine startInternal
INFO: Starting Servlet engine: [Apache Tomcat/9.0.36]
Apr 14, 2023 12:04:19 PM org.apache.catalina.core.ApplicationContext log
INFO: Initializing Spring embedded WebApplicationContext
Apr 14, 2023 12:04:24 PM org.apache.coyote.AbstractProtocol start
INFO: Starting ProtocolHandler ["http-nio-5001"]
Apr 14, 2023 12:04:25 PM org.apache.catalina.core.ApplicationContext log
INFO: Initializing Spring DispatcherServlet 'dispatcherServlet'
2023-04-14 12:08:23,058 Log4j2-TF-4-Scheduled-1 INFO Source '/home/loveqq/fisco/webase-deploy/webase-node-mgr/conf/log/log4j2.xml' was modified on Fri Apr 14 12:08:22 CST 2023 (1681445302597), previous modification was on Thu Apr 08 14:23:50 CST 2021 (1617863030000)

  .   ____          _            __ _ _
 /\\ / ___'_ __ _ _(_)_ __  __ _ \ \ \ \
( ( )\___ | '_ | '_| | '_ \/ _` | \ \ \ \
 \\/  ___)| |_)| | | | | || (_| |  ) ) ) )
  '  |____| .__|_| |_|_| |_\__, | / / / /
 =========|_|==============|___/=/_/_/_/
 :: Spring Boot ::       (v2.1.15.RELEASE)

Apr 14, 2023 12:10:03 PM org.apache.coyote.AbstractProtocol init
INFO: Initializing ProtocolHandler ["http-nio-5001"]
Apr 14, 2023 12:10:03 PM org.apache.catalina.core.StandardService startInternal
INFO: Starting service [Tomcat]
Apr 14, 2023 12:10:03 PM org.apache.catalina.core.StandardEngine startInternal
INFO: Starting Servlet engine: [Apache Tomcat/9.0.36]
Apr 14, 2023 12:10:03 PM org.apache.catalina.core.ApplicationContext log
INFO: Initializing Spring embedded WebApplicationContext
Apr 14, 2023 12:10:08 PM org.apache.coyote.AbstractProtocol start
INFO: Starting ProtocolHandler ["http-nio-5001"]

  .   ____          _            __ _ _
 /\\ / ___'_ __ _ _(_)_ __  __ _ \ \ \ \
( ( )\___ | '_ | '_| | '_ \/ _` | \ \ \ \
 \\/  ___)| |_)| | | | | || (_| |  ) ) ) )
  '  |____| .__|_| |_|_| |_\__, | / / / /
 =========|_|==============|___/=/_/_/_/
 :: Spring Boot ::       (v2.1.15.RELEASE)

Apr 14, 2023 12:12:57 PM org.apache.coyote.AbstractProtocol init
INFO: Initializing ProtocolHandler ["http-nio-5001"]
Apr 14, 2023 12:12:57 PM org.apache.catalina.core.StandardService startInternal
INFO: Starting service [Tomcat]
Apr 14, 2023 12:12:57 PM org.apache.catalina.core.StandardEngine startInternal
INFO: Starting Servlet engine: [Apache Tomcat/9.0.36]
Apr 14, 2023 12:12:58 PM org.apache.catalina.core.ApplicationContext log
INFO: Initializing Spring embedded WebApplicationContext
Apr 14, 2023 12:13:07 PM org.apache.coyote.AbstractProtocol start
INFO: Starting ProtocolHandler ["http-nio-5001"]
Apr 14, 2023 12:13:07 PM org.apache.catalina.core.ApplicationContext log
INFO: Initializing Spring DispatcherServlet 'dispatcherServlet'
